INFO  06:43:37 Application started. Press Ctrl+C to shut down.
INFO  06:43:37 Application started. Press Ctrl+C to shut down.
INFO  06:43:37 Hosting environment: Development
INFO  06:43:37 Hosting environment: Development
INFO  06:43:37 Content root path: C:\Users\926645\OneDrive - Cognizant\Desktop\StockAPI\StockAPI
INFO  06:43:37 Content root path: C:\Users\926645\OneDrive - Cognizant\Desktop\StockAPI\StockAPI
INFO  06:43:42 Data is being read 
INFO  06:43:42 Medicine Stock Retrived
INFO  06:55:49 Application started. Press Ctrl+C to shut down.
INFO  06:55:49 Application started. Press Ctrl+C to shut down.
INFO  06:55:49 Hosting environment: Development
INFO  06:55:49 Hosting environment: Development
INFO  06:55:49 Content root path: C:\Users\899178\Downloads\StockAPI\StockAPI\StockAPI
INFO  06:55:49 Content root path: C:\Users\899178\Downloads\StockAPI\StockAPI\StockAPI
INFO  06:55:56 Data is being read 
INFO  06:55:56 Medicine Stock Retrived
INFO  06:56:10 Application started. Press Ctrl+C to shut down.
INFO  06:56:10 Application started. Press Ctrl+C to shut down.
INFO  06:56:10 Hosting environment: Development
INFO  06:56:10 Hosting environment: Development
INFO  06:56:10 Content root path: C:\Users\899178\Downloads\StockAPI\StockAPI\StockAPI
INFO  06:56:10 Content root path: C:\Users\899178\Downloads\StockAPI\StockAPI\StockAPI
INFO  06:56:16 Data is being read 
INFO  06:56:16 Medicine Stock Retrived
INFO  07:37:52 Application started. Press Ctrl+C to shut down.
INFO  07:37:52 Application started. Press Ctrl+C to shut down.
INFO  07:37:52 Hosting environment: Development
INFO  07:37:52 Hosting environment: Development
INFO  07:37:52 Content root path: D:\PROJECT\REPOS\Shruthi_Pharmacy_Medicine_Supply_Management_System\Pharmacy-medicine-supply-Management-System\StockAPI
INFO  07:37:52 Content root path: D:\PROJECT\REPOS\Shruthi_Pharmacy_Medicine_Supply_Management_System\Pharmacy-medicine-supply-Management-System\StockAPI
INFO  07:38:00 Data is being read 
INFO  07:38:00 Medicine Stock Retrived
INFO  07:40:30 Application started. Press Ctrl+C to shut down.
INFO  07:40:30 Application started. Press Ctrl+C to shut down.
INFO  07:40:30 Hosting environment: Development
INFO  07:40:30 Hosting environment: Development
INFO  07:40:30 Content root path: D:\PROJECT\REPOS\Shruthi_Pharmacy_Medicine_Supply_Management_System\Pharmacy-medicine-supply-Management-System\StockAPI
INFO  07:40:30 Content root path: D:\PROJECT\REPOS\Shruthi_Pharmacy_Medicine_Supply_Management_System\Pharmacy-medicine-supply-Management-System\StockAPI
INFO  07:42:06 Data is being read 
INFO  07:42:06 Medicine Stock Retrived
INFO  07:42:25 Data is being read 
INFO  07:42:25 Medicine Stock Retrived
